IQ-TREE version 1.3.11.1 for Linux 64-bit built Feb  1 2016
Copyright (c) 2011-2015 Nguyen Lam Tung, Olga Chernomor, Arndt von Haeseler and Bui Quang Minh.

Host:    ron (AVX2, FMA3, 503 GB RAM)
Command: iqtree -s msa_HrpZ.fasta -m JC -bb 1000 -pre HrpZJC
Seed:    683468 (Using SPRNG - Scalable Parallel Random Number Generator)
Time:    Mon May 11 16:50:42 2020
Kernel:  AVX

NOTE: Consider using the multicore version because your CPU has 72 cores!

Reading alignment file msa_HrpZ.fasta ... Fasta format detected
Alignment most likely contains DNA/RNA sequences
Alignment has 13 sequences with 1776 columns and 1228 patterns (797 informative sites)
                            Gap/Ambiguity  Composition  p-value
   1  M.                           43.07%    failed      0.00%
   2  P.amygdali_morsprunorum_1    41.22%    passed     97.02%
   3  P.amygdali_sesami_1          43.07%    passed     40.51%
   4  P.antarctica1                42.74%    passed     41.37%
   5  P.cerasi_1                   42.23%    passed     77.58%
   6  P.cichorii_1                 42.74%    passed     28.53%
   7  P.coronafaciens1             36.99%    passed     24.18%
   8  P.flourescens_beneficial_1   47.64%    failed      0.01%
   9  P.flourescens_cave_1         27.03%    failed      1.04%
  10  P.savastanoi_1               41.55%    passed     99.93%
  11  P.syringae_maculicola_1      43.24%    passed     73.08%
  12  P.syringae_tomato_1          37.33%    passed     61.35%
  13  P.viridiflava_1              46.79%    passed     46.06%
****  TOTAL                        41.20%  3 sequences failed composition chi2 test (p-value<5%; df=3)

Create initial parsimony tree by phylogenetic likelihood library (PLL)... 0.001 seconds
Generating 1000 samples for ultrafast bootstrap...
Max candidate trees (tau): 1300

NOTE: 5 MB RAM is required!
Estimate model parameters (epsilon = 0.100)
1. Initial log-likelihood: -12842.584
Optimal log-likelihood: -12375.903
Rate parameters:  A-C: 1.000  A-G: 1.000  A-T: 1.000  C-G: 1.000  C-T: 1.000  G-T: 1.000
Base frequencies:   A: 0.250  C: 0.250  G: 0.250  T: 0.250
Parameters optimization took 1 rounds (0.007 sec)

--------------------------------------------------------------------
|             INITIALIZING CANDIDATE TREE SET                      |
--------------------------------------------------------------------
Computing ML distances based on estimated model parameters... 0.000 sec
Computing BIONJ tree...
0.000 seconds
Log-likelihood of BIONJ tree: -12375.902
Generating 99 parsimony trees... 0.094 seconds 1 distinct starting trees
Computing log-likelihood of 1 initial trees ... 0.000 seconds
Optimizing top 1 initial trees with NNI...
Iteration 1 / LogL: -12375.902 / Time: 0h:0m:0s
Estimate model parameters (epsilon = 0.100)
BETTER SCORE FOUND at iteration 1: -12375.902
Average CPU time for 1 NNI search: 0.012
Finish initializing candidate tree set. Number of distinct locally optimal trees: 1
Current best tree score: -12375.902 / CPU time: 0.104
--------------------------------------------------------------------
|               OPTIMIZING CANDIDATE TREE SET                      |
--------------------------------------------------------------------
Iteration 10 / LogL: -12376.079 / Time: 0h:0m:0s
Iteration 20 / LogL: -12866.152 / Time: 0h:0m:0s (0h:0m:3s left)
Iteration 30 / LogL: -12376.530 / Time: 0h:0m:1s (0h:0m:2s left)
Iteration 40 / LogL: -12375.956 / Time: 0h:0m:1s (0h:0m:2s left)
Iteration 50 / LogL: -12376.156 / Time: 0h:0m:1s (0h:0m:1s left)
NOTE: 1433 bootstrap candidate trees evaluated (logl-cutoff: -12401.809)
Iteration 60 / LogL: -12376.493 / Time: 0h:0m:2s (0h:0m:1s left)
Iteration 70 / LogL: -12375.931 / Time: 0h:0m:2s (0h:0m:1s left)
Iteration 80 / LogL: -12376.184 / Time: 0h:0m:3s (0h:0m:0s left)
Iteration 90 / LogL: -12377.687 / Time: 0h:0m:3s (0h:0m:0s left)
Iteration 100 / LogL: -12640.297 / Time: 0h:0m:3s (0h:0m:0s left)
NOTE: 3780 bootstrap candidate trees evaluated (logl-cutoff: -12503.920)
NOTE: Bootstrap correlation coefficient of split occurrence frequencies: 1.000
TREE SEARCH COMPLETED AFTER 101 ITERATIONS / Time: 0h:0m:3s

--------------------------------------------------------------------
|                    FINALIZING TREE SEARCH                        |
--------------------------------------------------------------------
Performs final model parameters optimization
Estimate model parameters (epsilon = 0.010)
1. Initial log-likelihood: -12375.902
Optimal log-likelihood: -12375.902
Rate parameters:  A-C: 1.000  A-G: 1.000  A-T: 1.000  C-G: 1.000  C-T: 1.000  G-T: 1.000
Base frequencies:   A: 0.250  C: 0.250  G: 0.250  T: 0.250
Parameters optimization took 1 rounds (0.002 sec)

BEST SCORE FOUND : -12375.902
Creating bootstrap support values...
Split supports printed to NEXUS file HrpZJC.splits.nex
Total tree length: 4.049

Total number of iterations: 101
CPU time used for tree search: 3.632 sec (0h:0m:3s)
Wall-clock time used for tree search: 3.642 sec (0h:0m:3s)
Total CPU time used: 3.700 sec (0h:0m:3s)
Total wall-clock time used: 3.710 sec (0h:0m:3s)

Computing bootstrap consensus tree...
Reading input file HrpZJC.splits.nex...
13 taxa and 39 splits.
Consensus tree written to HrpZJC.contree
Log-likelihood of consensus tree: -12375.902
Reading input trees file HrpZJC.contree

Analysis results written to: 
  IQ-TREE report:                HrpZJC.iqtree
  Maximum-likelihood tree:       HrpZJC.treefile
  Likelihood distances:          HrpZJC.mldist

Ultrafast bootstrap approximation results written to:
  Split support values:          HrpZJC.splits.nex
  Consensus tree:                HrpZJC.contree
  Screen log file:               HrpZJC.log

Date and Time: Mon May 11 16:50:46 2020
